TN:
SF:/Users/kuzi/Projects/Packt/s8v5-testing/wordsmith/src/components/ArticleDetails.vue
FNF:0
FNH:0
DA:21,1
LF:1
LH:1
BRF:0
BRH:0
end_of_record
TN:
SF:/Users/kuzi/Projects/Packt/s8v5-testing/wordsmith/src/router/index.js
FNF:0
FNH:0
DA:7,1
LF:1
LH:1
BRF:0
BRH:0
end_of_record
TN:
SF:/Users/kuzi/Projects/Packt/s8v5-testing/wordsmith/src/components/Home.vue
FNF:0
FNH:0
DA:18,0
LF:1
LH:0
BRF:0
BRH:0
end_of_record
TN:
SF:/Users/kuzi/Projects/Packt/s8v5-testing/wordsmith/src/components/ArticlePreview.vue
FNF:0
FNH:0
DA:27,0
LF:1
LH:0
BRF:0
BRH:0
end_of_record
TN:
SF:/Users/kuzi/Projects/Packt/s8v5-testing/wordsmith/src/components/AddArticle.vue
FNF:0
FNH:0
DA:24,0
DA:39,0
DA:41,0
LF:3
LH:0
BRF:0
BRH:0
end_of_record
TN:
SF:/Users/kuzi/Projects/Packt/s8v5-testing/wordsmith/src/App.vue
FNF:0
FNH:0
LF:0
LH:0
BRF:0
BRH:0
end_of_record
TN:
SF:/Users/kuzi/Projects/Packt/s8v5-testing/wordsmith/src/data/posts.js
FNF:0
FNH:0
DA:4,1
LF:1
LH:1
BRF:0
BRH:0
end_of_record
TN:
SF:/Users/kuzi/Projects/Packt/s8v5-testing/wordsmith/src/data/posts-content/0.js
FNF:0
FNH:0
LF:0
LH:0
BRF:0
BRH:0
end_of_record
TN:
SF:/Users/kuzi/Projects/Packt/s8v5-testing/wordsmith/src/data/posts-content/1.js
FNF:0
FNH:0
LF:0
LH:0
BRF:0
BRH:0
end_of_record
TN:
SF:/Users/kuzi/Projects/Packt/s8v5-testing/wordsmith/src/store/index.js
FN:21,(anonymous_0)
FN:21,(anonymous_1)
FN:22,(anonymous_2)
FNF:3
FNH:0
FNDA:0,(anonymous_0)
FNDA:0,(anonymous_1)
FNDA:0,(anonymous_2)
DA:5,1
DA:13,0
DA:14,0
DA:17,0
DA:21,0
DA:22,0
LF:6
LH:1
BRDA:13,0,0,0
BRDA:13,0,1,0
BRF:2
BRH:0
end_of_record
